Determining if the CL_VERSION_2_2 exist failed with the following output:
Change Dir: /Users/tdesell/Dropbox/webpages/home_page/files/opencl_matrix_add/build/CMakeFiles/CMakeTmp

Run Build Command:"/usr/bin/make" "cmTC_14efc/fast"
/Applications/Xcode.app/Contents/Developer/usr/bin/make -f CMakeFiles/cmTC_14efc.dir/build.make CMakeFiles/cmTC_14efc.dir/build
Building C object CMakeFiles/cmTC_14efc.dir/CheckSymbolExists.c.o
/Applications/Xcode.app/Contents/Developer/Toolchains/XcodeDefault.xctoolchain/usr/bin/cc    -o CMakeFiles/cmTC_14efc.dir/CheckSymbolExists.c.o   -c /Users/tdesell/Dropbox/webpages/home_page/files/opencl_matrix_add/build/CMakeFiles/CMakeTmp/CheckSymbolExists.c
/Users/tdesell/Dropbox/webpages/home_page/files/opencl_matrix_add/build/CMakeFiles/CMakeTmp/CheckSymbolExists.c:8:19: error: use of undeclared identifier 'CL_VERSION_2_2'
  return ((int*)(&CL_VERSION_2_2))[argc];
                  ^
1 error generated.
make[1]: *** [CMakeFiles/cmTC_14efc.dir/CheckSymbolExists.c.o] Error 1
make: *** [cmTC_14efc/fast] Error 2

File /Users/tdesell/Dropbox/webpages/home_page/files/opencl_matrix_add/build/CMakeFiles/CMakeTmp/CheckSymbolExists.c:
/* */
#include </System/Library/Frameworks/OpenCL.framework/Headers/cl.h>

int main(int argc, char** argv)
{
  (void)argv;
#ifndef CL_VERSION_2_2
  return ((int*)(&CL_VERSION_2_2))[argc];
#else
  (void)argc;
  return 0;
#endif
}

Determining if the CL_VERSION_2_1 exist failed with the following output:
Change Dir: /Users/tdesell/Dropbox/webpages/home_page/files/opencl_matrix_add/build/CMakeFiles/CMakeTmp

Run Build Command:"/usr/bin/make" "cmTC_08d4c/fast"
/Applications/Xcode.app/Contents/Developer/usr/bin/make -f CMakeFiles/cmTC_08d4c.dir/build.make CMakeFiles/cmTC_08d4c.dir/build
Building C object CMakeFiles/cmTC_08d4c.dir/CheckSymbolExists.c.o
/Applications/Xcode.app/Contents/Developer/Toolchains/XcodeDefault.xctoolchain/usr/bin/cc    -o CMakeFiles/cmTC_08d4c.dir/CheckSymbolExists.c.o   -c /Users/tdesell/Dropbox/webpages/home_page/files/opencl_matrix_add/build/CMakeFiles/CMakeTmp/CheckSymbolExists.c
/Users/tdesell/Dropbox/webpages/home_page/files/opencl_matrix_add/build/CMakeFiles/CMakeTmp/CheckSymbolExists.c:8:19: error: use of undeclared identifier 'CL_VERSION_2_1'
  return ((int*)(&CL_VERSION_2_1))[argc];
                  ^
1 error generated.
make[1]: *** [CMakeFiles/cmTC_08d4c.dir/CheckSymbolExists.c.o] Error 1
make: *** [cmTC_08d4c/fast] Error 2

File /Users/tdesell/Dropbox/webpages/home_page/files/opencl_matrix_add/build/CMakeFiles/CMakeTmp/CheckSymbolExists.c:
/* */
#include </System/Library/Frameworks/OpenCL.framework/Headers/cl.h>

int main(int argc, char** argv)
{
  (void)argv;
#ifndef CL_VERSION_2_1
  return ((int*)(&CL_VERSION_2_1))[argc];
#else
  (void)argc;
  return 0;
#endif
}

Determining if the CL_VERSION_2_0 exist failed with the following output:
Change Dir: /Users/tdesell/Dropbox/webpages/home_page/files/opencl_matrix_add/build/CMakeFiles/CMakeTmp

Run Build Command:"/usr/bin/make" "cmTC_c10e1/fast"
/Applications/Xcode.app/Contents/Developer/usr/bin/make -f CMakeFiles/cmTC_c10e1.dir/build.make CMakeFiles/cmTC_c10e1.dir/build
Building C object CMakeFiles/cmTC_c10e1.dir/CheckSymbolExists.c.o
/Applications/Xcode.app/Contents/Developer/Toolchains/XcodeDefault.xctoolchain/usr/bin/cc    -o CMakeFiles/cmTC_c10e1.dir/CheckSymbolExists.c.o   -c /Users/tdesell/Dropbox/webpages/home_page/files/opencl_matrix_add/build/CMakeFiles/CMakeTmp/CheckSymbolExists.c
/Users/tdesell/Dropbox/webpages/home_page/files/opencl_matrix_add/build/CMakeFiles/CMakeTmp/CheckSymbolExists.c:8:19: error: use of undeclared identifier 'CL_VERSION_2_0'
  return ((int*)(&CL_VERSION_2_0))[argc];
                  ^
1 error generated.
make[1]: *** [CMakeFiles/cmTC_c10e1.dir/CheckSymbolExists.c.o] Error 1
make: *** [cmTC_c10e1/fast] Error 2

File /Users/tdesell/Dropbox/webpages/home_page/files/opencl_matrix_add/build/CMakeFiles/CMakeTmp/CheckSymbolExists.c:
/* */
#include </System/Library/Frameworks/OpenCL.framework/Headers/cl.h>

int main(int argc, char** argv)
{
  (void)argv;
#ifndef CL_VERSION_2_0
  return ((int*)(&CL_VERSION_2_0))[argc];
#else
  (void)argc;
  return 0;
#endif
}

